<?xml version="1.0" encoding="UTF-8"?>
<!-- Generated by org.testng.reporters.JUnitReportReporter -->
<testsuite hostname="vicky" failures="0" tests="2" name="com.webdriver.methods.WebDriverFn" time="60.125" errors="0" timestamp="2025-01-16T15:31:49 IST" skipped="1">
  <testcase classname="com.webdriver.methods.WebDriverFn" name="test1" time="60.125"/>
  <testcase classname="com.webdriver.methods.WebDriverFn" name="test">
    <skipped/>
  </testcase> <!-- test -->
</testsuite> <!-- com.webdriver.methods.WebDriverFn -->
