<?xml version="1.0" encoding="UTF-8"?>
<!-- Generated by org.testng.reporters.JUnitReportReporter -->
<testsuite hostname="vicky" failures="0" tests="1" name="com.selenium.testng1.Prameterization" time="0.036" errors="0" timestamp="2025-01-18T14:56:47 IST" skipped="0">
  <testcase classname="com.selenium.testng1.Prameterization" name="readExceFile" time="0.036"/>
</testsuite> <!-- com.selenium.testng1.Prameterization -->
